### X-Score scoring information
### Created by X-Score on Tue Oct  9 18:06:52 2018

<MOLECULE> 10gs_complex ligand
<FORMULA> C23H26N3O6S
<WEIGHT>  472.3
<ATOM> 59
--------------------------------------------------------------
ID   Type     VDW     HB     HP     HM      HS     RT   Score
--------------------------------------------------------------
1    N.4      18.5    0.5    0.0   0.00     0.0    0.0   0.22
2    C.3      23.0    0.0    0.0   0.00     0.0    1.0   0.11
3    C.2      26.9    0.0    0.0   0.00     0.0    0.5   0.17
4    O.co2    22.6    0.8    0.0   0.00     0.0    0.0   0.25
5    C.3      20.5    0.0    0.8   0.00    18.4    1.0   0.13
6    C.3      19.3    0.0    2.3   0.00    19.9    1.0   0.13
7    C.2      13.5    0.0    0.0   0.00     0.0    0.5   0.12
8    O.2       8.0    0.0    0.0   0.00     0.0    0.0   0.14
9    O.co2    21.7    1.8    0.0   0.00     0.0    0.0   0.33
10   N.am     12.8    0.0    0.0   0.00     0.0    0.5   0.11
11   C.3      13.0    0.0    0.0   0.00     0.0    0.5   0.11
12   C.3      11.9    0.0    0.0   0.00     0.0    1.0   0.07
13   S.3       9.4    0.0    4.0   0.25     2.7    1.0   0.11
14   C.3      13.7    0.0    0.0   0.00     0.0    1.0   0.08
15   C.ar     13.5    0.0    6.9   0.30     1.2    0.5   0.18
16   C.ar     10.6    0.0    5.9   0.34     8.0    0.0   0.22
17   C.ar     16.4    0.0    5.8   0.34    15.7    0.0   0.25
18   C.ar     10.1    0.0    4.0   0.34     4.9    0.0   0.21
19   C.ar     15.7    0.0    3.9   0.00    19.3    0.0   0.20
20   C.ar     12.4    0.0    3.0   0.00    12.2    0.0   0.18
21   C.2      13.6    0.0    0.0   0.00     0.0    0.5   0.12
22   O.2      12.3    0.0    0.0   0.00     0.0    0.0   0.15
23   N.am     12.2    0.0    0.0   0.00     0.0    0.5   0.11
24   C.3      18.7    0.0    0.0   0.00     0.0    0.5   0.14
25   C.ar     13.8    0.0    4.6   0.30     0.0    0.5   0.17
26   C.ar      7.6    0.0    1.0   0.34     0.2    0.0   0.18
27   C.ar     15.7    0.0    7.2   0.34    20.0    0.0   0.26
28   C.ar      5.6    0.0    0.0   0.34     1.4    0.0   0.17
29   C.ar     13.1    0.0    5.8   0.34    21.9    0.0   0.25
30   C.ar      7.4    0.0    0.9   0.34     2.8    0.0   0.18
31   C.2      24.2    0.0    0.0   0.00     0.0    0.5   0.16
32   O.co2    17.4    0.0    0.0   0.00     0.0    0.0   0.17
33   O.co2    23.3    0.9    0.0   0.00     0.0    0.0   0.27
34   H         0.0    0.0    0.0   0.00     0.0    0.0   0.00
35   H         0.0    0.0    0.0   0.00     0.0    0.0   0.00
36   H         0.0    0.0    0.0   0.00     0.0    0.0   0.00
37   H         0.0    0.0    0.0   0.00     0.0    0.0   0.00
38   H         0.0    0.0    0.0   0.00     0.0    0.0   0.00
39   H         0.0    0.0    0.0   0.00     0.0    0.0   0.00
40   H         0.0    0.0    0.0   0.00     0.0    0.0   0.00
41   H         0.0    0.0    0.0   0.00     0.0    0.0   0.00
42   H         0.0    0.0    0.0   0.00     0.0    0.0   0.00
43   H         0.0    0.0    0.0   0.00     0.0    0.0   0.00
44   H         0.0    0.0    0.0   0.00     0.0    0.0   0.00
45   H         0.0    0.0    0.0   0.00     0.0    0.0   0.00
46   H         0.0    0.0    0.0   0.00     0.0    0.0   0.00
47   H         0.0    0.0    0.0   0.00     0.0    0.0   0.00
48   H         0.0    0.0    0.0   0.00     0.0    0.0   0.00
49   H         0.0    0.0    0.0   0.00     0.0    0.0   0.00
50   H         0.0    0.0    0.0   0.00     0.0    0.0   0.00
51   H         0.0    0.0    0.0   0.00     0.0    0.0   0.00
52   H         0.0    0.0    0.0   0.00     0.0    0.0   0.00
53   H         0.0    0.0    0.0   0.00     0.0    0.0   0.00
54   H         0.0    0.0    0.0   0.00     0.0    0.0   0.00
55   H         0.0    0.0    0.0   0.00     0.0    0.0   0.00
56   H         0.0    0.0    0.0   0.00     0.0    0.0   0.00
57   H         0.0    0.0    0.0   0.00     0.0    0.0   0.00
58   H         0.0    0.0    0.0   0.00     0.0    0.0   0.00
59   H         0.0    0.0    0.0   0.00     0.0    0.0   0.00
--------------------------------------------------------------
Total        498.3    4.0   56.2   3.54   148.7   11.0   5.66
--------------------------------------------------------------

Scoring functions used in computation:

HPSCORE = 3.441 + (0.004)*VDW + (0.054)*HB + (0.009)*HP + (-0.061)*RT =  5.48
HMSCORE = 3.567 + (0.004)*VDW + (0.101)*HB + (0.387)*HM + (-0.097)*RT =  6.27
HSSCORE = 3.328 + (0.004)*VDW + (0.073)*HB + (0.004)*HS + (-0.090)*RT =  5.22

<END>

