--------------------------------------------------------------------------------
JobId          : ln3-0-5ba9e459
Name           : glide-dock_pose_2-0015_raw
Program        : LigPrep
MMshareExec    : /WORK/commercial_software/Schrodinger/2018-2-1/mmshare-v4.2/bin/Linux-x86_64
Host           : ln3
Dir            : /WORK/nscc-gz_pinchen/project/schrodinger/glide-dock_pose_2/pose
HostEntry      : localhost
JobHost        : ln3
JobDir         : /tmp/nscc-gz_pinchen/glide-dock_pose_2-0015_raw
JobMMshareExec : /WORK/commercial_software/Schrodinger/2018-2-1/mmshare-v4.2/bin/Linux-x86_64
Commandline    : /WORK/commercial_software/Schrodinger/2018-2-1/ligprep -imae glide-dock_pose_2-0015_raw.maegz -osd glide-dock_pose_2-0015_raw.sd -epik
StartTime      : 2018-09-25-15:31:38
--------------------------------------------------------------------------------
LigPrep (version 46013). Copyright Schrodinger, LLC. All rights reserved.

LigPrep command:
$SCHRODINGER/ligprep -epik -imae glide-dock_pose_2-0015_raw.maegz -osd glide-dock_pose_2-0015_raw.sd

Processing steps:
$DO/sdstereoexpander.py -max_output 32 -max_generated 1024 <infile.mae> <outfile.mae>
$DO/htreat.py -t All-None -a all -s -l 200 <infile.mae> <outfile.mae>
$DO/desalter.py <infile.mae> <outfile.mae>
$DO/neutralizer.py -m 200 <infile.mae> <outfile.mae>
$DO/epik.py -ph 7.0 -tn 8 -ma 200 -imae <infile.mae> -omae <outfile.mae>
$DO/guard.py <infile.mae> <outfile.mae>
$DO/stereoizer.py -label_specified_chiralities -n 32 <infile.mae> <outfile.mae>
$DO/cgx.py -optimize -ffld 14 -epsilon 10.0 <infile.mae> <outfile.mae>
$DO/filterstereo.py -max_stereo 32 <infile.mae> <outfile.mae>

DO=$SCHRODINGER/run -FROM macromodel ../../lib/Linux-x86_64/python_packages/ligprep3/

# counts of output and dropped structures after processing steps
# index  sdstex  htreat  desalt  neutra   epik    guard  stereo    cgx   filter  title
Adding general crowding pattern: count 1
number of matches for crowding type: amine bonded to cyclopropyl: abs type: Benzylaminium, ring substituted: 2
Adding general crowding pattern: count 1
number of matches for crowding type: amine bonded to cyclopropyl: abs type: Benzylaminium, ring substituted: 2
Adding general crowding pattern: count 1
number of matches for crowding type: amine bonded to cyclopropyl: abs type: Benzylaminium, ring substituted: 2
       1   1/0     1/0     1/0     1/0     2/0     2/0     2/0     2/0     2/0   'BACE_14.smi:1'
       2   1/0     1/0     1/0     1/0     2/0     2/0     2/0     2/0     2/0   'BACE_15.smi:1'

# of processed structures in "glide-dock_pose_2-0015_raw.sd" : 4
# of dropped structures in "glide-dock_pose_2-0015_raw-dropped.maegz" : 0

backend run time: 0 hours 0 minutes 6.600 seconds
