Glide version 79013 (mmshare version 42013)
Copyright (c) Schrodinger, LLC.
All Rights Reserved.

--------------------------------------------------------------------------------
JobId          : cn4766-0-5ba9dd51
Name           : glide-dock_pose_2-0017
Program        : Glide
MMshareExec    : /WORK/commercial_software/Schrodinger/2018-2-1/mmshare-v4.2/bin/Linux-x86_64
Host           : cn4766
Dir            : /tmp/nscc-gz_pinchen/glide-dock_pose_2
HostEntry      : ln9-gn0
Queue          : SLURM2.1
JobHost        : cn4780
JobDir         : /tmp/nscc-gz_pinchen/glide-dock_pose_2-0017
JobMMshareExec : /WORK/commercial_software/Schrodinger/2018-2-1/mmshare-v4.2/bin/Linux-x86_64
Commandline    : /WORK/commercial_software/Schrodinger/2018-2-1/glide -RESTART -serial glide-dock_pose_2-0017.inp -HOST ln9-gn0
StartTime      : 2018-09-25-15:01:41
--------------------------------------------------------------------------------

Offsetting ligand numbers by 32
 VdW radii of ligand atoms scaled by   0.800000000000000     
 Charge cutoff for polarity   0.150000000000000     
 After readscreen, (nx, ny, nz) = (          40 ,           40 ,           40 ).
  Receptor setup: (nsites, nx, ny, nz, bsize)=(         125 ,           40 , 
          40 ,           40 ,    1.00000000000000      ).
 Screening setup finished.
 DOCKMAIN: getting receptor.
  DOCKMAIN after grid: (nx, ny, nz) = (         104 ,          104 , 
         104 ).
 DOCKMAIN: Grid setup finished
Calling OPLS_2005 atomtyping ...
Finished parameter assignment
  
  Penalizing non-planar amide torsions 
  
 Number of rotatable bonds           10
 Failed to generate ring conformations.
 Will use conformations from input structure.
Glide Extra Precision Mode active.

GlideScore version XP5.0 will be used

  
 Buried polar penalty      0.000
 Coulomb vdW cutoff        0.000
 H bond cutoff             0.000
 Metal-ligand cutoff      10.000
Assigning GlideScore XP5.0 parameters
For Glide Extra Precision mode, will use maxref = 800
 Use grow mode-p
  
Full force-field refinement in receptor field for up to   10 poses
    9 poses will be postminimized for this ligand
Reporting postminimized pose   5 GlideScore =     -2.354
GlideScore(   -2.35)+Epik State Penalty(    2.18) =    -0.18 kcal/mol
DOCKING RESULTS FOR LIGAND       33 (BACE_16.smi:1)
Best XP pose:     5;  GlideScore =     -2.35 Emodel =    -48.32 E =    -40.34 Eint =    13.48
GLIDE WARNING: The above ligand had one or more atoms outside the grid box during energy evaluation or minimization.
Calling OPLS_2005 atomtyping ...
Finished parameter assignment
 Number of rotatable bonds            6
 Failed to generate ring conformations.
 Will use conformations from input structure.
Glide Extra Precision Mode active.
For Glide Extra Precision mode, will use maxref = 800
 Use grow mode-t
  
    7 poses will be postminimized for this ligand
Reporting postminimized pose   4 GlideScore =     -2.545
GlideScore(   -2.54)+Epik State Penalty(   -0.00) =    -2.54 kcal/mol
DOCKING RESULTS FOR LIGAND       34 (BACE_17.smi:1)
Best XP pose:     7;  GlideScore =     -2.54 Emodel =    -40.31 E =    -31.27 Eint =     2.90
  
 REPORT OF DOCKED POSES
  
 The ligand structures were written to the file
glide-dock_pose_2-0017_raw.maegz

Exiting Glide
Date: Tuesday, September 25 2018, at 15:07:14 CST
CPU time (s): 318.6 user, 0.7 system, 321.4 real
Total elapsed time = 321 seconds (5 minutes, 21 seconds)
