Glide version 79013 (mmshare version 42013)
Copyright (c) Schrodinger, LLC.
All Rights Reserved.

--------------------------------------------------------------------------------
JobId          : cn4766-0-5ba9dd30
Name           : glide-dock_pose_2-0011
Program        : Glide
MMshareExec    : /WORK/commercial_software/Schrodinger/2018-2-1/mmshare-v4.2/bin/Linux-x86_64
Host           : cn4766
Dir            : /tmp/nscc-gz_pinchen/glide-dock_pose_2
HostEntry      : ln9-gn0
Queue          : SLURM2.1
JobHost        : cn4774
JobDir         : /tmp/nscc-gz_pinchen/glide-dock_pose_2-0011
JobMMshareExec : /WORK/commercial_software/Schrodinger/2018-2-1/mmshare-v4.2/bin/Linux-x86_64
Commandline    : /WORK/commercial_software/Schrodinger/2018-2-1/glide -RESTART -serial glide-dock_pose_2-0011.inp -HOST ln9-gn0
StartTime      : 2018-09-25-15:01:12
--------------------------------------------------------------------------------

Offsetting ligand numbers by 20
 VdW radii of ligand atoms scaled by   0.800000000000000     
 Charge cutoff for polarity   0.150000000000000     
 After readscreen, (nx, ny, nz) = (          40 ,           40 ,           40 ).
  Receptor setup: (nsites, nx, ny, nz, bsize)=(         125 ,           40 , 
          40 ,           40 ,    1.00000000000000      ).
 Screening setup finished.
 DOCKMAIN: getting receptor.
  DOCKMAIN after grid: (nx, ny, nz) = (         104 ,          104 , 
         104 ).
 DOCKMAIN: Grid setup finished
Calling OPLS_2005 atomtyping ...
Finished parameter assignment
  
  Penalizing non-planar amide torsions 
  
 Number of rotatable bonds            9
 Failed to generate ring conformations.
 Will use conformations from input structure.
Glide Extra Precision Mode active.

GlideScore version XP5.0 will be used

  
 Buried polar penalty      0.000
 Coulomb vdW cutoff        0.000
 H bond cutoff             0.000
 Metal-ligand cutoff      10.000
Assigning GlideScore XP5.0 parameters
For Glide Extra Precision mode, will use maxref = 800
 Use grow mode-p
  
Full force-field refinement in receptor field for up to   10 poses
    5 poses will be postminimized for this ligand
Reporting postminimized pose   3 GlideScore =     -5.476
GlideScore(   -5.48)+Epik State Penalty(    2.26) =    -3.22 kcal/mol
DOCKING RESULTS FOR LIGAND       21 (BACE_10.smi:1)
Best XP pose:     2;  GlideScore =     -5.48 Emodel =    -47.42 E =    -39.99 Eint =     8.82
Calling OPLS_2005 atomtyping ...
Finished parameter assignment
 Number of rotatable bonds            7
 Failed to generate ring conformations.
 Will use conformations from input structure.
Glide Extra Precision Mode active.
For Glide Extra Precision mode, will use maxref = 800
 Use grow mode-p
  
    7 poses will be postminimized for this ligand
Reporting postminimized pose   2 GlideScore =     -1.894
GlideScore(   -1.89)+Epik State Penalty(    0.02) =    -1.88 kcal/mol
DOCKING RESULTS FOR LIGAND       22 (BACE_11.smi:1)
Best XP pose:    13;  GlideScore =     -1.89 Emodel =    -47.30 E =    -40.30 Eint =     3.02
  
 REPORT OF DOCKED POSES
  
 The ligand structures were written to the file
glide-dock_pose_2-0011_raw.maegz

Exiting Glide
Date: Tuesday, September 25 2018, at 15:06:19 CST
CPU time (s): 293.2 user, 0.7 system, 295.5 real
Total elapsed time = 296 seconds (4 minutes, 56 seconds)
