Glide version 79013 (mmshare version 42013)
Copyright (c) Schrodinger, LLC.
All Rights Reserved.

--------------------------------------------------------------------------------
JobId          : cn4766-0-5ba9dd0d
Name           : glide-dock_pose_2-0004
Program        : Glide
MMshareExec    : /WORK/commercial_software/Schrodinger/2018-2-1/mmshare-v4.2/bin/Linux-x86_64
Host           : cn4766
Dir            : /tmp/nscc-gz_pinchen/glide-dock_pose_2
HostEntry      : ln9-gn0
Queue          : SLURM2.1
JobHost        : cn4737
JobDir         : /tmp/nscc-gz_pinchen/glide-dock_pose_2-0004
JobMMshareExec : /WORK/commercial_software/Schrodinger/2018-2-1/mmshare-v4.2/bin/Linux-x86_64
Commandline    : /WORK/commercial_software/Schrodinger/2018-2-1/glide -RESTART -serial glide-dock_pose_2-0004.inp -HOST ln9-gn0
StartTime      : 2018-09-25-15:00:31
--------------------------------------------------------------------------------

Offsetting ligand numbers by 6
 VdW radii of ligand atoms scaled by   0.800000000000000     
 Charge cutoff for polarity   0.150000000000000     
 After readscreen, (nx, ny, nz) = (          40 ,           40 ,           40 ).
  Receptor setup: (nsites, nx, ny, nz, bsize)=(         125 ,           40 , 
          40 ,           40 ,    1.00000000000000      ).
 Screening setup finished.
 DOCKMAIN: getting receptor.
  DOCKMAIN after grid: (nx, ny, nz) = (         104 ,          104 , 
         104 ).
 DOCKMAIN: Grid setup finished
Calling OPLS_2005 atomtyping ...
Finished parameter assignment
  
  Penalizing non-planar amide torsions 
  
 Number of rotatable bonds            7
 Using templates for ring conformations.
Glide Extra Precision Mode active.

GlideScore version XP5.0 will be used

  
 Buried polar penalty      0.000
 Coulomb vdW cutoff        0.000
 H bond cutoff             0.000
 Metal-ligand cutoff      10.000
Assigning GlideScore XP5.0 parameters
For Glide Extra Precision mode, will use maxref = 800
 Use grow mode-p
  
Full force-field refinement in receptor field for up to   10 poses
    6 poses will be postminimized for this ligand
Reporting original pose   2 GlideScore =     -2.690
GlideScore(   -2.69)+Epik State Penalty(    0.50) =    -2.19 kcal/mol
DOCKING RESULTS FOR LIGAND        7 (BACE_4.smi:1)
Best XP pose:     1;  GlideScore =     -2.69 Emodel =    -42.24 E =    -31.43 Eint =     4.79
Calling OPLS_2005 atomtyping ...
Finished parameter assignment
 Number of rotatable bonds            8
 Using templates for ring conformations.
Glide Extra Precision Mode active.
For Glide Extra Precision mode, will use maxref = 800
 Use grow mode-p
  
    5 poses will be postminimized for this ligand
Reporting postminimized pose   3 GlideScore =     -4.935
GlideScore(   -4.93)+Epik State Penalty(    0.42) =    -4.51 kcal/mol
DOCKING RESULTS FOR LIGAND        8 (BACE_5.smi:1)
Best XP pose:     1;  GlideScore =     -4.93 Emodel =    -48.29 E =    -42.39 Eint =     2.69
  
 REPORT OF DOCKED POSES
  
 The ligand structures were written to the file
glide-dock_pose_2-0004_raw.maegz

Exiting Glide
Date: Tuesday, September 25 2018, at 15:06:29 CST
CPU time (s): 344.2 user, 0.7 system, 346.5 real
Total elapsed time = 346 seconds (5 minutes, 46 seconds)
