Glide version 79013 (mmshare version 42013)
Copyright (c) Schrodinger, LLC.
All Rights Reserved.

--------------------------------------------------------------------------------
JobId          : cn4766-0-5ba9dd46
Name           : glide-dock_pose_2-0015
Program        : Glide
MMshareExec    : /WORK/commercial_software/Schrodinger/2018-2-1/mmshare-v4.2/bin/Linux-x86_64
Host           : cn4766
Dir            : /tmp/nscc-gz_pinchen/glide-dock_pose_2
HostEntry      : ln9-gn0
Queue          : SLURM2.1
JobHost        : cn4778
JobDir         : /tmp/nscc-gz_pinchen/glide-dock_pose_2-0015
JobMMshareExec : /WORK/commercial_software/Schrodinger/2018-2-1/mmshare-v4.2/bin/Linux-x86_64
Commandline    : /WORK/commercial_software/Schrodinger/2018-2-1/glide -RESTART -serial glide-dock_pose_2-0015.inp -HOST ln9-gn0
StartTime      : 2018-09-25-15:01:29
--------------------------------------------------------------------------------

Offsetting ligand numbers by 28
 VdW radii of ligand atoms scaled by   0.800000000000000     
 Charge cutoff for polarity   0.150000000000000     
 After readscreen, (nx, ny, nz) = (          40 ,           40 ,           40 ).
  Receptor setup: (nsites, nx, ny, nz, bsize)=(         125 ,           40 , 
          40 ,           40 ,    1.00000000000000      ).
 Screening setup finished.
 DOCKMAIN: getting receptor.
  DOCKMAIN after grid: (nx, ny, nz) = (         104 ,          104 , 
         104 ).
 DOCKMAIN: Grid setup finished
Calling OPLS_2005 atomtyping ...
Finished parameter assignment
  
  Penalizing non-planar amide torsions 
  
 Number of rotatable bonds            8
 Using templates for ring conformations.
Glide Extra Precision Mode active.

GlideScore version XP5.0 will be used

  
 Buried polar penalty      0.000
 Coulomb vdW cutoff        0.000
 H bond cutoff             0.000
 Metal-ligand cutoff      10.000
Assigning GlideScore XP5.0 parameters
For Glide Extra Precision mode, will use maxref = 800
 Use grow mode-p
  
Full force-field refinement in receptor field for up to   10 poses
    7 poses will be postminimized for this ligand
Reporting postminimized pose   5 GlideScore =     -2.245
GlideScore(   -2.25)+Epik State Penalty(    0.52) =    -1.72 kcal/mol
DOCKING RESULTS FOR LIGAND       29 (BACE_14.smi:1)
Best XP pose:     5;  GlideScore =     -2.25 Emodel =    -51.06 E =    -41.42 Eint =     8.85
GLIDE WARNING: The above ligand had one or more atoms outside the grid box during energy evaluation or minimization.
Calling OPLS_2005 atomtyping ...
Finished parameter assignment
 Number of rotatable bonds            9
 Failed to generate ring conformations.
 Will use conformations from input structure.
Glide Extra Precision Mode active.
For Glide Extra Precision mode, will use maxref = 800
 Use grow mode-p
  
    9 poses will be postminimized for this ligand
Reporting postminimized pose   9 GlideScore =     -1.844
GlideScore(   -1.84)+Epik State Penalty(    0.02) =    -1.83 kcal/mol
DOCKING RESULTS FOR LIGAND       30 (BACE_15.smi:1)
Best XP pose:    13;  GlideScore =     -1.84 Emodel =    -49.23 E =    -39.30 Eint =     2.25
  
 REPORT OF DOCKED POSES
  
 The ligand structures were written to the file
glide-dock_pose_2-0015_raw.maegz

Exiting Glide
Date: Tuesday, September 25 2018, at 15:08:11 CST
CPU time (s): 388.5 user, 0.7 system, 391.0 real
Total elapsed time = 391 seconds (6 minutes, 31 seconds)
