Glide version 79013 (mmshare version 42013)
Copyright (c) Schrodinger, LLC.
All Rights Reserved.

--------------------------------------------------------------------------------
JobId          : cn4766-0-5ba9dd56
Name           : glide-dock_pose_2-0018
Program        : Glide
MMshareExec    : /WORK/commercial_software/Schrodinger/2018-2-1/mmshare-v4.2/bin/Linux-x86_64
Host           : cn4766
Dir            : /tmp/nscc-gz_pinchen/glide-dock_pose_2
HostEntry      : ln9-gn0
Queue          : SLURM2.1
JobHost        : cn4781
JobDir         : /tmp/nscc-gz_pinchen/glide-dock_pose_2-0018
JobMMshareExec : /WORK/commercial_software/Schrodinger/2018-2-1/mmshare-v4.2/bin/Linux-x86_64
Commandline    : /WORK/commercial_software/Schrodinger/2018-2-1/glide -RESTART -serial glide-dock_pose_2-0018.inp -HOST ln9-gn0
StartTime      : 2018-09-25-15:01:52
--------------------------------------------------------------------------------

Offsetting ligand numbers by 34
 VdW radii of ligand atoms scaled by   0.800000000000000     
 Charge cutoff for polarity   0.150000000000000     
 After readscreen, (nx, ny, nz) = (          40 ,           40 ,           40 ).
  Receptor setup: (nsites, nx, ny, nz, bsize)=(         125 ,           40 , 
          40 ,           40 ,    1.00000000000000      ).
 Screening setup finished.
 DOCKMAIN: getting receptor.
  DOCKMAIN after grid: (nx, ny, nz) = (         104 ,          104 , 
         104 ).
 DOCKMAIN: Grid setup finished
Calling OPLS_2005 atomtyping ...
Finished parameter assignment
  
  Penalizing non-planar amide torsions 
  
 Number of rotatable bonds            6
 Failed to generate ring conformations.
 Will use conformations from input structure.
Glide Extra Precision Mode active.

GlideScore version XP5.0 will be used

  
 Buried polar penalty      0.000
 Coulomb vdW cutoff        0.000
 H bond cutoff             0.000
 Metal-ligand cutoff      10.000
Assigning GlideScore XP5.0 parameters
For Glide Extra Precision mode, will use maxref = 800
 Use grow mode-t
  
Full force-field refinement in receptor field for up to   10 poses
    7 poses will be postminimized for this ligand
Reporting original pose   1 GlideScore =     -3.621
GlideScore(   -3.62)+Epik State Penalty(   -0.00) =    -3.62 kcal/mol
DOCKING RESULTS FOR LIGAND       35 (BACE_18.smi:1)
Best XP pose:     3;  GlideScore =     -3.62 Emodel =    -33.28 E =    -29.09 Eint =     7.85
  
 REPORT OF DOCKED POSES
  
 The ligand structures were written to the file
glide-dock_pose_2-0018_raw.maegz

Exiting Glide
Date: Tuesday, September 25 2018, at 15:04:16 CST
CPU time (s): 130.5 user, 0.6 system, 132.7 real
Total elapsed time = 133 seconds (2 minutes, 13 seconds)
