Glide version 79013 (mmshare version 42013)
Copyright (c) Schrodinger, LLC.
All Rights Reserved.

--------------------------------------------------------------------------------
JobId          : cn4766-0-5ba9dcfb
Name           : glide-dock_pose_2-0001
Program        : Glide
MMshareExec    : /WORK/commercial_software/Schrodinger/2018-2-1/mmshare-v4.2/bin/Linux-x86_64
Host           : cn4766
Dir            : /tmp/nscc-gz_pinchen/glide-dock_pose_2
HostEntry      : localhost
JobHost        : cn4766
JobDir         : /tmp/nscc-gz_pinchen/glide-dock_pose_2-0001
JobMMshareExec : /WORK/commercial_software/Schrodinger/2018-2-1/mmshare-v4.2/bin/Linux-x86_64
Commandline    : /WORK/commercial_software/Schrodinger/2018-2-1/glide -RESTART -serial glide-dock_pose_2-0001.inp -HOST localhost
StartTime      : 2018-09-25-15:00:11
--------------------------------------------------------------------------------

 VdW radii of ligand atoms scaled by   0.800000000000000     
 Charge cutoff for polarity   0.150000000000000     
 After readscreen, (nx, ny, nz) = (          40 ,           40 ,           40 ).
  Receptor setup: (nsites, nx, ny, nz, bsize)=(         125 ,           40 , 
          40 ,           40 ,    1.00000000000000      ).
 Screening setup finished.
 DOCKMAIN: getting receptor.
  DOCKMAIN after grid: (nx, ny, nz) = (         104 ,          104 , 
         104 ).
 DOCKMAIN: Grid setup finished
Calling OPLS_2005 atomtyping ...
Finished parameter assignment
  
  Penalizing non-planar amide torsions 
  
 Number of rotatable bonds           12
 Failed to generate ring conformations.
 Will use conformations from input structure.
Glide Extra Precision Mode active.

GlideScore version XP5.0 will be used

  
 Buried polar penalty      0.000
 Coulomb vdW cutoff        0.000
 H bond cutoff             0.000
 Metal-ligand cutoff      10.000
Assigning GlideScore XP5.0 parameters
For Glide Extra Precision mode, will use maxref = 800
 Use grow mode-t
  
Full force-field refinement in receptor field for up to   10 poses
   10 poses will be postminimized for this ligand
Reporting original pose   1 GlideScore =     -2.873
GlideScore(   -2.87)+Epik State Penalty(   -0.00) =    -2.87 kcal/mol
DOCKING RESULTS FOR LIGAND        1 (BACE_1.smi:1)
Best XP pose:     1;  GlideScore =     -2.87 Emodel =    -46.04 E =    -39.09 Eint =    12.08
Calling OPLS_2005 atomtyping ...
Finished parameter assignment
 Number of rotatable bonds            6
 Using templates for ring conformations.
Glide Extra Precision Mode active.
For Glide Extra Precision mode, will use maxref = 800
 Use grow mode-p
  
    4 poses will be postminimized for this ligand
Reporting postminimized pose   4 GlideScore =     -2.574
GlideScore(   -2.57)+Epik State Penalty(    0.01) =    -2.56 kcal/mol
DOCKING RESULTS FOR LIGAND        2 (BACE_2.smi:1)
Best XP pose:     1;  GlideScore =     -2.57 Emodel =    -46.77 E =    -39.41 Eint =     3.35
  
 REPORT OF DOCKED POSES
  
 The ligand structures were written to the file
glide-dock_pose_2-0001_raw.maegz

Exiting Glide
Date: Tuesday, September 25 2018, at 15:08:22 CST
CPU time (s): 473.6 user, 0.8 system, 481.5 real
Total elapsed time = 482 seconds (8 minutes, 2 seconds)
