Glide version 79013 (mmshare version 42013)
Copyright (c) Schrodinger, LLC.
All Rights Reserved.

--------------------------------------------------------------------------------
JobId          : cn4766-0-5ba9dd3c
Name           : glide-dock_pose_2-0013
Program        : Glide
MMshareExec    : /WORK/commercial_software/Schrodinger/2018-2-1/mmshare-v4.2/bin/Linux-x86_64
Host           : cn4766
Dir            : /tmp/nscc-gz_pinchen/glide-dock_pose_2
HostEntry      : ln9-gn0
Queue          : SLURM2.1
JobHost        : cn4776
JobDir         : /tmp/nscc-gz_pinchen/glide-dock_pose_2-0013
JobMMshareExec : /WORK/commercial_software/Schrodinger/2018-2-1/mmshare-v4.2/bin/Linux-x86_64
Commandline    : /WORK/commercial_software/Schrodinger/2018-2-1/glide -RESTART -serial glide-dock_pose_2-0013.inp -HOST ln9-gn0
StartTime      : 2018-09-25-15:01:19
--------------------------------------------------------------------------------

Offsetting ligand numbers by 24
 VdW radii of ligand atoms scaled by   0.800000000000000     
 Charge cutoff for polarity   0.150000000000000     
 After readscreen, (nx, ny, nz) = (          40 ,           40 ,           40 ).
  Receptor setup: (nsites, nx, ny, nz, bsize)=(         125 ,           40 , 
          40 ,           40 ,    1.00000000000000      ).
 Screening setup finished.
 DOCKMAIN: getting receptor.
  DOCKMAIN after grid: (nx, ny, nz) = (         104 ,          104 , 
         104 ).
 DOCKMAIN: Grid setup finished
Calling OPLS_2005 atomtyping ...
Finished parameter assignment
  
  Penalizing non-planar amide torsions 
  
 Number of rotatable bonds            8
 Failed to generate ring conformations.
 Will use conformations from input structure.
Glide Extra Precision Mode active.

GlideScore version XP5.0 will be used

  
 Buried polar penalty      0.000
 Coulomb vdW cutoff        0.000
 H bond cutoff             0.000
 Metal-ligand cutoff      10.000
Assigning GlideScore XP5.0 parameters
For Glide Extra Precision mode, will use maxref = 800
 Use grow mode-p
  
Full force-field refinement in receptor field for up to   10 poses
   10 poses will be postminimized for this ligand
Reporting postminimized pose   1 GlideScore =     -4.523
GlideScore(   -4.52)+Epik State Penalty(    2.15) =    -2.38 kcal/mol
DOCKING RESULTS FOR LIGAND       25 (BACE_12.smi:1)
Best XP pose:     4;  GlideScore =     -4.52 Emodel =    -50.84 E =    -38.16 Eint =     4.95
GLIDE WARNING: The above ligand had one or more atoms outside the grid box during energy evaluation or minimization.
Calling OPLS_2005 atomtyping ...
Finished parameter assignment
 Number of rotatable bonds            7
 Using templates for ring conformations.
Glide Extra Precision Mode active.
For Glide Extra Precision mode, will use maxref = 800
 Use grow mode-t
  
   10 poses will be postminimized for this ligand
Reporting original pose   8 GlideScore =     -2.619
GlideScore(   -2.62)+Epik State Penalty(    0.11) =    -2.51 kcal/mol
DOCKING RESULTS FOR LIGAND       26 (BACE_13.smi:1)
Best XP pose:     2;  GlideScore =     -2.62 Emodel =    -45.04 E =    -35.20 Eint =     4.34
  
 REPORT OF DOCKED POSES
  
 The ligand structures were written to the file
glide-dock_pose_2-0013_raw.maegz

Exiting Glide
Date: Tuesday, September 25 2018, at 15:07:13 CST
CPU time (s): 340.1 user, 0.7 system, 342.5 real
Total elapsed time = 343 seconds (5 minutes, 43 seconds)
