Glide version 79013 (mmshare version 42013)
Copyright (c) Schrodinger, LLC.
All Rights Reserved.

--------------------------------------------------------------------------------
JobId          : cn4766-0-5ba9dd25
Name           : glide-dock_pose_2-0009
Program        : Glide
MMshareExec    : /WORK/commercial_software/Schrodinger/2018-2-1/mmshare-v4.2/bin/Linux-x86_64
Host           : cn4766
Dir            : /tmp/nscc-gz_pinchen/glide-dock_pose_2
HostEntry      : ln9-gn0
Queue          : SLURM2.1
JobHost        : cn4772
JobDir         : /tmp/nscc-gz_pinchen/glide-dock_pose_2-0009
JobMMshareExec : /WORK/commercial_software/Schrodinger/2018-2-1/mmshare-v4.2/bin/Linux-x86_64
Commandline    : /WORK/commercial_software/Schrodinger/2018-2-1/glide -RESTART -serial glide-dock_pose_2-0009.inp -HOST ln9-gn0
StartTime      : 2018-09-25-15:01:05
--------------------------------------------------------------------------------

Offsetting ligand numbers by 16
 VdW radii of ligand atoms scaled by   0.800000000000000     
 Charge cutoff for polarity   0.150000000000000     
 After readscreen, (nx, ny, nz) = (          40 ,           40 ,           40 ).
  Receptor setup: (nsites, nx, ny, nz, bsize)=(         125 ,           40 , 
          40 ,           40 ,    1.00000000000000      ).
 Screening setup finished.
 DOCKMAIN: getting receptor.
  DOCKMAIN after grid: (nx, ny, nz) = (         104 ,          104 , 
         104 ).
 DOCKMAIN: Grid setup finished
Calling OPLS_2005 atomtyping ...
Finished parameter assignment
  
  Penalizing non-planar amide torsions 
  
 Number of rotatable bonds            7
 Failed to generate ring conformations.
 Will use conformations from input structure.
Glide Extra Precision Mode active.

GlideScore version XP5.0 will be used

  
 Buried polar penalty      0.000
 Coulomb vdW cutoff        0.000
 H bond cutoff             0.000
 Metal-ligand cutoff      10.000
Assigning GlideScore XP5.0 parameters
For Glide Extra Precision mode, will use maxref = 800
 Use grow mode-t
  
Full force-field refinement in receptor field for up to   10 poses
    4 poses will be postminimized for this ligand
Reporting postminimized pose   1 GlideScore =     -2.697
GlideScore(   -2.70)+Epik State Penalty(    2.23) =    -0.47 kcal/mol
DOCKING RESULTS FOR LIGAND       17 (BACE_8.smi:1)
Best XP pose:     3;  GlideScore =     -2.70 Emodel =    -43.54 E =    -35.45 Eint =     5.66
Calling OPLS_2005 atomtyping ...
Finished parameter assignment
 Number of rotatable bonds            9
 Failed to generate ring conformations.
 Will use conformations from input structure.
Glide Extra Precision Mode active.
For Glide Extra Precision mode, will use maxref = 800
 Use grow mode-p
  
    4 poses will be postminimized for this ligand
Reporting postminimized pose   2 GlideScore =     -3.738
GlideScore(   -3.74)+Epik State Penalty(    0.01) =    -3.72 kcal/mol
DOCKING RESULTS FOR LIGAND       18 (BACE_9.smi:1)
Best XP pose:     2;  GlideScore =     -3.74 Emodel =    -46.74 E =    -37.79 Eint =     2.63
  
 REPORT OF DOCKED POSES
  
 The ligand structures were written to the file
glide-dock_pose_2-0009_raw.maegz

Exiting Glide
Date: Tuesday, September 25 2018, at 15:07:07 CST
CPU time (s): 348.6 user, 0.8 system, 351.0 real
Total elapsed time = 351 seconds (5 minutes, 51 seconds)
