Glide version 79013 (mmshare version 42013)
Copyright (c) Schrodinger, LLC.
All Rights Reserved.

--------------------------------------------------------------------------------
JobId          : cn4766-0-5ba9dd20
Name           : glide-dock_pose_2-0008
Program        : Glide
MMshareExec    : /WORK/commercial_software/Schrodinger/2018-2-1/mmshare-v4.2/bin/Linux-x86_64
Host           : cn4766
Dir            : /tmp/nscc-gz_pinchen/glide-dock_pose_2
HostEntry      : ln9-gn0
Queue          : SLURM2.1
JobHost        : cn4806
JobDir         : /tmp/nscc-gz_pinchen/glide-dock_pose_2-0008
JobMMshareExec : /WORK/commercial_software/Schrodinger/2018-2-1/mmshare-v4.2/bin/Linux-x86_64
Commandline    : /WORK/commercial_software/Schrodinger/2018-2-1/glide -RESTART -serial glide-dock_pose_2-0008.inp -HOST ln9-gn0
StartTime      : 2018-09-25-15:00:53
--------------------------------------------------------------------------------

Offsetting ligand numbers by 14
 VdW radii of ligand atoms scaled by   0.800000000000000     
 Charge cutoff for polarity   0.150000000000000     
 After readscreen, (nx, ny, nz) = (          40 ,           40 ,           40 ).
  Receptor setup: (nsites, nx, ny, nz, bsize)=(         125 ,           40 , 
          40 ,           40 ,    1.00000000000000      ).
 Screening setup finished.
 DOCKMAIN: getting receptor.
  DOCKMAIN after grid: (nx, ny, nz) = (         104 ,          104 , 
         104 ).
 DOCKMAIN: Grid setup finished
Calling OPLS_2005 atomtyping ...
Finished parameter assignment
  
  Penalizing non-planar amide torsions 
  
 Number of rotatable bonds           10
 Failed to generate ring conformations.
 Will use conformations from input structure.
Glide Extra Precision Mode active.

GlideScore version XP5.0 will be used

  
 Buried polar penalty      0.000
 Coulomb vdW cutoff        0.000
 H bond cutoff             0.000
 Metal-ligand cutoff      10.000
Assigning GlideScore XP5.0 parameters
For Glide Extra Precision mode, will use maxref = 800
 Use grow mode-t
  
Full force-field refinement in receptor field for up to   10 poses
    5 poses will be postminimized for this ligand
Reporting postminimized pose   4 GlideScore =     -3.220
GlideScore(   -3.22)+Epik State Penalty(    2.27) =    -0.95 kcal/mol
DOCKING RESULTS FOR LIGAND       15 (BACE_7.smi:1)
Best XP pose:    42;  GlideScore =     -3.22 Emodel =    -58.09 E =    -41.50 Eint =     0.89
Calling OPLS_2005 atomtyping ...
Finished parameter assignment
 Number of rotatable bonds            7
 Failed to generate ring conformations.
 Will use conformations from input structure.
Glide Extra Precision Mode active.
For Glide Extra Precision mode, will use maxref = 800
 Use grow mode-t
  
    6 poses will be postminimized for this ligand
Reporting postminimized pose   6 GlideScore =     -1.596
GlideScore(   -1.60)+Epik State Penalty(    0.01) =    -1.58 kcal/mol
DOCKING RESULTS FOR LIGAND       16 (BACE_8.smi:1)
Best XP pose:     1;  GlideScore =     -1.60 Emodel =    -51.73 E =    -41.34 Eint =     2.76
  
 REPORT OF DOCKED POSES
  
 The ligand structures were written to the file
glide-dock_pose_2-0008_raw.maegz

Exiting Glide
Date: Tuesday, September 25 2018, at 15:09:21 CST
CPU time (s): 492.3 user, 0.7 system, 495.0 real
Total elapsed time = 495 seconds (8 minutes, 15 seconds)
