Glide version 79013 (mmshare version 42013)
Copyright (c) Schrodinger, LLC.
All Rights Reserved.

--------------------------------------------------------------------------------
JobId          : cn4766-0-5ba9dd41
Name           : glide-dock_pose_2-0014
Program        : Glide
MMshareExec    : /WORK/commercial_software/Schrodinger/2018-2-1/mmshare-v4.2/bin/Linux-x86_64
Host           : cn4766
Dir            : /tmp/nscc-gz_pinchen/glide-dock_pose_2
HostEntry      : ln9-gn0
Queue          : SLURM2.1
JobHost        : cn4777
JobDir         : /tmp/nscc-gz_pinchen/glide-dock_pose_2-0014
JobMMshareExec : /WORK/commercial_software/Schrodinger/2018-2-1/mmshare-v4.2/bin/Linux-x86_64
Commandline    : /WORK/commercial_software/Schrodinger/2018-2-1/glide -RESTART -serial glide-dock_pose_2-0014.inp -HOST ln9-gn0
StartTime      : 2018-09-25-15:01:24
--------------------------------------------------------------------------------

Offsetting ligand numbers by 26
 VdW radii of ligand atoms scaled by   0.800000000000000     
 Charge cutoff for polarity   0.150000000000000     
 After readscreen, (nx, ny, nz) = (          40 ,           40 ,           40 ).
  Receptor setup: (nsites, nx, ny, nz, bsize)=(         125 ,           40 , 
          40 ,           40 ,    1.00000000000000      ).
 Screening setup finished.
 DOCKMAIN: getting receptor.
  DOCKMAIN after grid: (nx, ny, nz) = (         104 ,          104 , 
         104 ).
 DOCKMAIN: Grid setup finished
Calling OPLS_2005 atomtyping ...
Finished parameter assignment
  
  Penalizing non-planar amide torsions 
  
 Number of rotatable bonds            7
 Using templates for ring conformations.
Glide Extra Precision Mode active.

GlideScore version XP5.0 will be used

  
 Buried polar penalty      0.000
 Coulomb vdW cutoff        0.000
 H bond cutoff             0.000
 Metal-ligand cutoff      10.000
Assigning GlideScore XP5.0 parameters
For Glide Extra Precision mode, will use maxref = 800
 Use grow mode-t
  
Full force-field refinement in receptor field for up to   10 poses
    7 poses will be postminimized for this ligand
Reporting postminimized pose   4 GlideScore =      0.260
GlideScore(    0.26)+Epik State Penalty(    1.07) =     1.33 kcal/mol
DOCKING RESULTS FOR LIGAND       27 (BACE_13.smi:1)
Best XP pose:    19;  GlideScore =      0.26 Emodel =    -44.74 E =    -38.68 Eint =     1.15
Calling OPLS_2005 atomtyping ...
Finished parameter assignment
 Number of rotatable bonds            8
 Using templates for ring conformations.
Glide Extra Precision Mode active.
For Glide Extra Precision mode, will use maxref = 800
 Use grow mode-p
  
    5 poses will be postminimized for this ligand
Reporting postminimized pose   1 GlideScore =     -4.024
GlideScore(   -4.02)+Epik State Penalty(    0.32) =    -3.71 kcal/mol
DOCKING RESULTS FOR LIGAND       28 (BACE_14.smi:1)
Best XP pose:     1;  GlideScore =     -4.02 Emodel =    -50.51 E =    -40.97 Eint =     5.79
  
 REPORT OF DOCKED POSES
  
 The ligand structures were written to the file
glide-dock_pose_2-0014_raw.maegz

Exiting Glide
Date: Tuesday, September 25 2018, at 15:08:02 CST
CPU time (s): 384.1 user, 0.7 system, 386.7 real
Total elapsed time = 387 seconds (6 minutes, 27 seconds)
