
====================================
            Glide Script            
====================================

--------------------------------------------------------------------------------
JobId          : cn4638-0-5bae3d67
Name           : second_docking_1
Program        : Glide
MMshareExec    : /WORK/commercial_software/Schrodinger/2018-2-1/mmshare-v4.2/bin/Linux-x86_64
Host           : cn4638
Dir            : /WORK/nscc-gz_pinchen/project/schrodinger/second_docking_1
HostEntry      : ln9-gn0
Queue          : SLURM2.1
JobHost        : cn4758
JobDir         : /tmp/nscc-gz_pinchen/second_docking_1
JobMMshareExec : /WORK/commercial_software/Schrodinger/2018-2-1/mmshare-v4.2/bin/Linux-x86_64
Commandline    : /WORK/commercial_software/Schrodinger/2018-2-1/glide second_docking_1.in -OVERWRITE -NJOBS 20 -HOST ln9-gn0 -PROJ /tmp/nscc-gz_pinchen/tproj35935a29900 -DISP append -VIEWNAME glide_docking_gui.DockingPanel -TMPLAUNCHDIR -ATTACHED
StartTime      : 2018-09-28-22:40:47
--------------------------------------------------------------------------------

Running locally: False
Max retries: 2
Input file: second_docking_1.in

Setting up docking job
Separating ligands...
Number of structures that are to be docked: 37
Setting up Glide docking jobs...

Running subjobs on hosts:
  ln9-gn0 (Max: 500)
Number of jobs:       20
Max retries per job:  2
Max allowed failures: unlimited
Run with -LOCAL:      False
Verbosity:            normal

Starting JobDJ...

Keep one job on driver host: True
JobDJ columns:
  C: Number of completed subjobs
  A: Number of active subjobs (e.g., submitted, running)
  W: Number of waiting/pending subjobs

 C  A  W | Activity  JobId  JobName  JobHost
-- -- -- | --------- -----------------------
 0  1 19 | launched  cn4758-0-5bae3dab second_docking_1-0001 localhost [cn4758]
 0  2 18 | launched  cn4758-0-5bae3db1 second_docking_1-0002 ln9-gn0
 0  3 17 | launched  cn4758-0-5bae3db8 second_docking_1-0003 ln9-gn0
 0  4 16 | launched  cn4758-0-5bae3dbe second_docking_1-0004 ln9-gn0
 0  5 15 | launched  cn4758-0-5bae3dc3 second_docking_1-0005 ln9-gn0
 0  6 14 | launched  cn4758-0-5bae3dc8 second_docking_1-0006 ln9-gn0
 0  7 13 | launched  cn4758-0-5bae3dcd second_docking_1-0007 ln9-gn0
 0  8 12 | launched  cn4758-0-5bae3dd2 second_docking_1-0008 ln9-gn0
 0  9 11 | launched  cn4758-0-5bae3dd8 second_docking_1-0009 ln9-gn0
 0 10 10 | launched  cn4758-0-5bae3ddd second_docking_1-0010 ln9-gn0
 0 11  9 | launched  cn4758-0-5bae3de4 second_docking_1-0011 ln9-gn0
 0 12  8 | launched  cn4758-0-5bae3de9 second_docking_1-0012 ln9-gn0
 0 13  7 | launched  cn4758-0-5bae3dee second_docking_1-0013 ln9-gn0
 0 14  6 | launched  cn4758-0-5bae3df3 second_docking_1-0014 ln9-gn0
 0 15  5 | launched  cn4758-0-5bae3df9 second_docking_1-0015 ln9-gn0
 0 16  4 | launched  cn4758-0-5bae3dff second_docking_1-0016 ln9-gn0
 0 17  3 | launched  cn4758-0-5bae3e04 second_docking_1-0017 ln9-gn0
 0 18  2 | launched  cn4758-0-5bae3e0a second_docking_1-0018 ln9-gn0
 0 19  1 | launched  cn4758-0-5bae3e17 second_docking_1-0019 ln9-gn0
 0 20  0 | launched  cn4758-0-5bae3e1c second_docking_1-0020 ln9-gn0
 1 19  0 | finished  cn4758-0-5bae3db1 second_docking_1-0002 ln9-gn0
 2 18  0 | finished  cn4758-0-5bae3dd2 second_docking_1-0008 ln9-gn0
 3 17  0 | finished  cn4758-0-5bae3dc8 second_docking_1-0006 ln9-gn0
 4 16  0 | finished  cn4758-0-5bae3dd8 second_docking_1-0009 ln9-gn0
 5 15  0 | finished  cn4758-0-5bae3dbe second_docking_1-0004 ln9-gn0
 6 14  0 | finished  cn4758-0-5bae3db8 second_docking_1-0003 ln9-gn0
 7 13  0 | finished  cn4758-0-5bae3dee second_docking_1-0013 ln9-gn0
 8 12  0 | finished  cn4758-0-5bae3de9 second_docking_1-0012 ln9-gn0
 9 11  0 | finished  cn4758-0-5bae3de4 second_docking_1-0011 ln9-gn0
10 10  0 | finished  cn4758-0-5bae3dcd second_docking_1-0007 ln9-gn0
11  9  0 | finished  cn4758-0-5bae3e04 second_docking_1-0017 ln9-gn0
12  8  0 | finished  cn4758-0-5bae3ddd second_docking_1-0010 ln9-gn0
13  7  0 | finished  cn4758-0-5bae3dc3 second_docking_1-0005 ln9-gn0
14  6  0 | finished  cn4758-0-5bae3e0a second_docking_1-0018 ln9-gn0
15  5  0 | finished  cn4758-0-5bae3df3 second_docking_1-0014 ln9-gn0
16  4  0 | finished  cn4758-0-5bae3dff second_docking_1-0016 ln9-gn0
17  3  0 | finished  cn4758-0-5bae3dab second_docking_1-0001 localhost [cn4758]
18  2  0 | finished  cn4758-0-5bae3e17 second_docking_1-0019 ln9-gn0 [cn4794]
19  1  0 | finished  cn4758-0-5bae3df9 second_docking_1-0015 ln9-gn0 [cn4797]
20  0  0 | finished  cn4758-0-5bae3e1c second_docking_1-0020 ln9-gn0 [cn4784]

All jobs have completed.

20 of 20 job(s) succeeded; 0 job(s) failed.

All jobs succeeded: 37 ligands done.
Writing poses to second_docking_1_lib.sdfgz
Combining log files to second_docking_1_subjobs.log
Archiving subjob pose files in second_docking_1_subjob_poses.zip
Archiving subjob input and log files in second_docking_1_subjobs.tar.gz
Cleaning up...

All Glide docking subjobs: Total CPU time = 6209 seconds (1 h 43 min 29 s)

Finished at: Fri Sep 28 22:52:01 2018
Total elapsed time for Glide script = 626 seconds (10 min 26 s)
